2020/03/11 14:00:40 [INFO] - main.go:[126] - main.func1() - Server is starting up: Version, Logfile ['0.0.5, commit 'aaf4321', build time '2020-03-11_11:00:33'', '.\log\httpserver_2020_03_11_140040.log']
2020/03/11 14:00:40 [INFO] - main.go:[130] - main.func1() - Set log level ['DEBUG']
2020/03/11 14:00:40 [INFO] - daemon.go:[44] - New() - Create new daemon
2020/03/11 14:00:40 [INFO] - daemon_config.go:[27] - loadConfigFile() - Loading HTTP Server config from file: FileName ['httpserver.cfg']
2020/03/11 14:00:40 [INFO] - daemon_config.go:[381] - loadIntFromSection() - Load config parameter: Section, Parameter, Value ['HTTP_SERVER', 'ReadTimeout', '6000']
2020/03/11 14:00:40 [INFO] - daemon_config.go:[381] - loadIntFromSection() - Load config parameter: Section, Parameter, Value ['HTTP_SERVER', 'WriteTimeout', '6000']
2020/03/11 14:00:40 [INFO] - daemon_config.go:[381] - loadIntFromSection() - Load config parameter: Section, Parameter, Value ['HTTP_SERVER', 'IdleTimeout', '6000']
2020/03/11 14:00:40 [INFO] - daemon_config.go:[381] - loadIntFromSection() - Load config parameter: Section, Parameter, Value ['HTTP_SERVER', 'MaxHeaderBytes', '262144']
2020/03/11 14:00:40 [INFO] - daemon_config.go:[381] - loadIntFromSection() - Load config parameter: Section, Parameter, Value ['HTTP_SERVER', 'MaxBodyBytes', '1048576']
2020/03/11 14:00:40 [INFO] - daemon_config.go:[422] - loadBoolFromSection() - Load config parameter: Section, Parameter, Value ['HTTP_SERVER', 'UseProfile', 'false']
2020/03/11 14:00:40 [INFO] - daemon_config.go:[381] - loadIntFromSection() - Load config parameter: Section, Parameter, Value ['HTTP_SERVER', 'ShutdownTimeout', '30']
2020/03/11 14:00:40 [INFO] - daemon_config.go:[422] - loadBoolFromSection() - Load config parameter: Section, Parameter, Value ['TLS', 'UseTLS', 'false']
2020/03/11 14:00:40 [INFO] - daemon_config.go:[422] - loadBoolFromSection() - Load config parameter: Section, Parameter, Value ['JWT', 'UseJWT', 'false']
2020/03/11 14:00:40 [INFO] - daemon_config.go:[394] - loadStringFromSection() - Load config parameter: Section, Parameter, Value ['AUTHENTIFICATION', 'AuthType', 'INTERNAL']
2020/03/11 14:00:40 [INFO] - daemon_config.go:[422] - loadBoolFromSection() - Load config parameter: Section, Parameter, Value ['LOG', 'HTTPLog', 'false']
2020/03/11 14:00:40 [INFO] - daemon_config.go:[394] - loadStringFromSection() - Load config parameter: Section, Parameter, Value ['LOG', 'HTTPLogFileName', './httplog/http%s.log']
2020/03/11 14:00:40 [INFO] - daemon_config.go:[394] - loadStringFromSection() - Load config parameter: Section, Parameter, Value ['LOG', 'HTTPErrLog', 'HEADER | BODY']
2020/03/11 14:00:40 [INFO] - daemon_config.go:[422] - loadBoolFromSection() - Load config parameter: Section, Parameter, Value ['LOG', 'HTTPLog', 'false']
2020/03/11 14:00:40 [INFO] - httpserver.go:[61] - New() - Creating new HTTP server
2020/03/11 14:00:40 [INFO] - httpserver.go:[141] - New() - Created new TCP listener: network = 'tcp', address ['127.0.0.1:3000']
2020/03/11 14:00:40 [INFO] - httpserver.go:[155] - New() - Handler is registered: Path, Method ['/echo', 'POST']
2020/03/11 14:00:40 [INFO] - httpserver.go:[155] - New() - Handler is registered: Path, Method ['/signin', 'POST']
2020/03/11 14:00:40 [INFO] - httpserver.go:[155] - New() - Handler is registered: Path, Method ['/refresh', 'POST']
2020/03/11 14:00:40 [INFO] - httpserver.go:[155] - New() - Handler is registered: Path, Method ['/httplog', 'POST']
2020/03/11 14:00:40 [INFO] - httpserver.go:[179] - New() - HTTP server is created
2020/03/11 14:00:40 [INFO] - daemon.go:[122] - New() - New daemon is created
2020/03/11 14:00:40 [INFO] - daemon.go:[129] - (*Daemon).Run() - Starting daemon
2020/03/11 14:00:40 [INFO] - daemon.go:[134] - (*Daemon).Run() - Daemon is running. For exit <CTRL-c>
2020/03/11 14:00:40 [INFO] - httpserver.go:[209] - (*Server).Run() - Starting HTTP server
2020/03/11 14:00:43 [DEBUG] - handler_log.go:[15] - (*Service).HTTPLogHandler() - START   ==================================================================================
2020/03/11 14:00:43 [DEBUG] - httpservice.go:[152] - (*Service).Process() - Logging HTTP in request: reqID ['1']
2020/03/11 14:00:43 [DEBUG] - httpservice.go:[156] - (*Service).Process() - Check allowed HTTP method: reqID, request.Method, method ['1', 'POST', 'POST']
2020/03/11 14:00:43 [DEBUG] - httpservice.go:[165] - (*Service).Process() - Check authentication method: reqID, AuthType ['1', 'INTERNAL']
2020/03/11 14:00:43 [DEBUG] - httpservice.go:[167] - (*Service).Process() - JWT is of. Need Authentication: reqID ['1']
2020/03/11 14:00:43 [DEBUG] - handler_auth.go:[36] - (*Service)._checkBasicAuthentication() - Get Authorization header, username='roman'
2020/03/11 14:00:43 [INFO] - handler_auth.go:[45] - (*Service)._checkBasicAuthentication() - Success Internal Authentication, username='roman'
2020/03/11 14:00:43 [DEBUG] - httpservice.go:[184] - (*Service).Process() - Reading request body: reqID ['1']
2020/03/11 14:00:43 [DEBUG] - httpservice.go:[192] - (*Service).Process() - Read request body: reqID, len(body) ['1', '0']
2020/03/11 14:00:43 [DEBUG] - httpservice.go:[195] - (*Service).Process() - Calling external function handler: reqID, function ['1', '0x7ff080']
2020/03/11 14:00:43 [DEBUG] - handler_log.go:[19] - (*Service).HTTPLogHandler.func1() - START: reqID ['1']
2020/03/11 14:00:43 [INFO] - httplog.go:[65] - (*Logger).SetConfig() - Set HTTP loger config: cfg ['{true true true true true true}']
2020/03/11 14:00:43 [DEBUG] - handler_log.go:[73] - (*Service).HTTPLogHandler.func1() - SUCCESS ['1']
2020/03/11 14:00:43 [DEBUG] - httpservice.go:[209] - (*Service).Process() - Logging HTTP out response: reqID ['1']
2020/03/11 14:00:43 [DEBUG] - httpservice.go:[214] - (*Service).Process() - Set HTTP response headers: reqID ['1']
2020/03/11 14:00:43 [DEBUG] - httpservice.go:[222] - (*Service).Process() - Set HTTP response status: reqID, Status ['1', 'OK']
2020/03/11 14:00:43 [DEBUG] - handler_log.go:[77] - (*Service).HTTPLogHandler() - SUCCESS ==================================================================================
2020/03/11 14:00:57 [DEBUG] - handler_log.go:[15] - (*Service).HTTPLogHandler() - START   ==================================================================================
2020/03/11 14:00:57 [DEBUG] - httpservice.go:[152] - (*Service).Process() - Logging HTTP in request: reqID ['2']
2020/03/11 14:00:57 [DEBUG] - httpservice.go:[156] - (*Service).Process() - Check allowed HTTP method: reqID, request.Method, method ['2', 'POST', 'POST']
2020/03/11 14:00:57 [DEBUG] - httpservice.go:[165] - (*Service).Process() - Check authentication method: reqID, AuthType ['2', 'INTERNAL']
2020/03/11 14:00:57 [DEBUG] - httpservice.go:[167] - (*Service).Process() - JWT is of. Need Authentication: reqID ['2']
2020/03/11 14:00:57 [DEBUG] - handler_auth.go:[36] - (*Service)._checkBasicAuthentication() - Get Authorization header, username='roman1'
2020/03/11 14:00:57 [INFO] - handler_auth.go:[42] - (*Service)._checkBasicAuthentication() - ID=[1], code=[8010], mes=[Invalid user or password], args=['roman1']
2020/03/11 14:00:57 [ERROR] - httpservice.go:[245] - (*Service).processError() - reqID:['2'], ID=[1], code=[8010], mes=[Invalid user or password], args=['roman1'], caller=[handler_auth.go:[41] - (*Service)._checkBasicAuthentication()], trace='
github.com/romapres2010/httpserver/error.New
	D:/roman/YandexDisk/golang/src/github.com/romapres2010/httpserver/error/error.go:72
github.com/romapres2010/httpserver/httpserver/httpservice.(*Service)._checkBasicAuthentication
	D:/roman/YandexDisk/golang/src/github.com/romapres2010/httpserver/httpserver/httpservice/handler_auth.go:41
github.com/romapres2010/httpserver/httpserver/httpservice.(*Service).Process
	D:/roman/YandexDisk/golang/src/github.com/romapres2010/httpserver/httpserver/httpservice/httpservice.go:168
github.com/romapres2010/httpserver/httpserver/httpservice.(*Service).HTTPLogHandler
	D:/roman/YandexDisk/golang/src/github.com/romapres2010/httpserver/httpserver/httpservice/handler_log.go:18
github.com/romapres2010/httpserver/httpserver/httpservice.(*Service).RecoverWrap.func1
	D:/roman/YandexDisk/golang/src/github.com/romapres2010/httpserver/httpserver/httpservice/httpservice.go:136
net/http.HandlerFunc.ServeHTTP
	c:/go/src/net/http/server.go:2007
github.com/gorilla/mux.(*Router).ServeHTTP
	D:/roman/YandexDisk/golang/src/github.com/romapres2010/httpserver/vendor/github.com/gorilla/mux/mux.go:210
net/http.(*ServeMux).ServeHTTP
	c:/go/src/net/http/server.go:2387
net/http.serverHandler.ServeHTTP
	c:/go/src/net/http/server.go:2802
net/http.(*conn).serve
	c:/go/src/net/http/server.go:1890
runtime.goexit
	c:/go/src/runtime/asm_amd64.s:1357'
2020/03/11 14:00:57 [DEBUG] - handler_log.go:[77] - (*Service).HTTPLogHandler() - SUCCESS ==================================================================================
2020/03/11 14:01:36 [DEBUG] - handler_log.go:[15] - (*Service).HTTPLogHandler() - START   ==================================================================================
2020/03/11 14:01:36 [DEBUG] - httpservice.go:[152] - (*Service).Process() - Logging HTTP in request: reqID ['3']
2020/03/11 14:01:36 [DEBUG] - httpservice.go:[156] - (*Service).Process() - Check allowed HTTP method: reqID, request.Method, method ['3', 'POST', 'POST']
2020/03/11 14:01:36 [DEBUG] - httpservice.go:[165] - (*Service).Process() - Check authentication method: reqID, AuthType ['3', 'INTERNAL']
2020/03/11 14:01:36 [DEBUG] - httpservice.go:[167] - (*Service).Process() - JWT is of. Need Authentication: reqID ['3']
2020/03/11 14:01:36 [DEBUG] - handler_auth.go:[36] - (*Service)._checkBasicAuthentication() - Get Authorization header, username='roman'
2020/03/11 14:01:36 [INFO] - handler_auth.go:[45] - (*Service)._checkBasicAuthentication() - Success Internal Authentication, username='roman'
2020/03/11 14:01:36 [DEBUG] - httpservice.go:[184] - (*Service).Process() - Reading request body: reqID ['3']
2020/03/11 14:01:36 [DEBUG] - httpservice.go:[192] - (*Service).Process() - Read request body: reqID, len(body) ['3', '0']
2020/03/11 14:01:36 [DEBUG] - httpservice.go:[195] - (*Service).Process() - Calling external function handler: reqID, function ['3', '0x7ff080']
2020/03/11 14:01:36 [DEBUG] - handler_log.go:[19] - (*Service).HTTPLogHandler.func1() - START: reqID ['3']
2020/03/11 14:01:36 [INFO] - httplog.go:[65] - (*Logger).SetConfig() - Set HTTP loger config: cfg ['{true true true true true true}']
2020/03/11 14:01:36 [DEBUG] - handler_log.go:[73] - (*Service).HTTPLogHandler.func1() - SUCCESS ['3']
2020/03/11 14:01:36 [DEBUG] - httpservice.go:[209] - (*Service).Process() - Logging HTTP out response: reqID ['3']
2020/03/11 14:01:36 [DEBUG] - httpservice.go:[214] - (*Service).Process() - Set HTTP response headers: reqID ['3']
2020/03/11 14:01:36 [DEBUG] - httpservice.go:[222] - (*Service).Process() - Set HTTP response status: reqID, Status ['3', 'OK']
2020/03/11 14:01:36 [DEBUG] - handler_log.go:[77] - (*Service).HTTPLogHandler() - SUCCESS ==================================================================================
2020/03/11 14:01:53 [DEBUG] - handler_log.go:[15] - (*Service).HTTPLogHandler() - START   ==================================================================================
2020/03/11 14:01:53 [DEBUG] - httpservice.go:[152] - (*Service).Process() - Logging HTTP in request: reqID ['4']
2020/03/11 14:01:53 [DEBUG] - httpservice.go:[156] - (*Service).Process() - Check allowed HTTP method: reqID, request.Method, method ['4', 'POST', 'POST']
2020/03/11 14:01:53 [DEBUG] - httpservice.go:[165] - (*Service).Process() - Check authentication method: reqID, AuthType ['4', 'INTERNAL']
2020/03/11 14:01:53 [DEBUG] - httpservice.go:[167] - (*Service).Process() - JWT is of. Need Authentication: reqID ['4']
2020/03/11 14:01:53 [DEBUG] - handler_auth.go:[36] - (*Service)._checkBasicAuthentication() - Get Authorization header, username='roman1'
2020/03/11 14:01:53 [INFO] - handler_auth.go:[42] - (*Service)._checkBasicAuthentication() - ID=[2], code=[8010], mes=[Invalid user or password], args=['roman1']
2020/03/11 14:01:53 [ERROR] - httpservice.go:[245] - (*Service).processError() - reqID:['4'], ID=[2], code=[8010], mes=[Invalid user or password], args=['roman1'], caller=[handler_auth.go:[41] - (*Service)._checkBasicAuthentication()], trace='
github.com/romapres2010/httpserver/error.New
	D:/roman/YandexDisk/golang/src/github.com/romapres2010/httpserver/error/error.go:72
github.com/romapres2010/httpserver/httpserver/httpservice.(*Service)._checkBasicAuthentication
	D:/roman/YandexDisk/golang/src/github.com/romapres2010/httpserver/httpserver/httpservice/handler_auth.go:41
github.com/romapres2010/httpserver/httpserver/httpservice.(*Service).Process
	D:/roman/YandexDisk/golang/src/github.com/romapres2010/httpserver/httpserver/httpservice/httpservice.go:168
github.com/romapres2010/httpserver/httpserver/httpservice.(*Service).HTTPLogHandler
	D:/roman/YandexDisk/golang/src/github.com/romapres2010/httpserver/httpserver/httpservice/handler_log.go:18
github.com/romapres2010/httpserver/httpserver/httpservice.(*Service).RecoverWrap.func1
	D:/roman/YandexDisk/golang/src/github.com/romapres2010/httpserver/httpserver/httpservice/httpservice.go:136
net/http.HandlerFunc.ServeHTTP
	c:/go/src/net/http/server.go:2007
github.com/gorilla/mux.(*Router).ServeHTTP
	D:/roman/YandexDisk/golang/src/github.com/romapres2010/httpserver/vendor/github.com/gorilla/mux/mux.go:210
net/http.(*ServeMux).ServeHTTP
	c:/go/src/net/http/server.go:2387
net/http.serverHandler.ServeHTTP
	c:/go/src/net/http/server.go:2802
net/http.(*conn).serve
	c:/go/src/net/http/server.go:1890
runtime.goexit
	c:/go/src/runtime/asm_amd64.s:1357'
2020/03/11 14:01:53 [DEBUG] - handler_log.go:[77] - (*Service).HTTPLogHandler() - SUCCESS ==================================================================================
2020/03/11 14:02:43 [INFO] - daemon.go:[143] - (*Daemon).Run() - Exiting, got signal ['interrupt']
2020/03/11 14:02:43 [INFO] - daemon.go:[156] - (*Daemon).Shutdown() - Shutting down daemon
2020/03/11 14:02:43 [INFO] - httpserver.go:[215] - (*Server).Shutdown() - Waiting for shutdown HTTP Server: sec ['30']
2020/03/11 14:02:43 [INFO] - httpserver.go:[231] - (*Server).Shutdown() - HTTP Server shutdown successfuly
2020/03/11 14:02:43 [INFO] - daemon.go:[168] - (*Daemon).Shutdown() - Daemon is shutdown
2020/03/11 14:02:43 [INFO] - main.go:[163] - main.func1() - Server is shutdown
