2020/03/10 11:54:29 [INFO] - main.go:[126] - main.func1() - Server is starting up: Version, Logfile ['0.0.5, commit 'f246cca', build time '2020-03-10_08:46:36'', '.\log\httpserver_2020_03_10_115429.log']
2020/03/10 11:54:29 [INFO] - main.go:[130] - main.func1() - Set log level ['DEBUG']
2020/03/10 11:54:29 [INFO] - daemon.go:[44] - New() - Create new daemon
2020/03/10 11:54:29 [INFO] - daemon_config.go:[27] - loadConfigFile() - Loading HTTP Server config from file: FileName ['httpserver.cfg']
2020/03/10 11:54:29 [INFO] - daemon_config.go:[382] - loadIntFromSection() - Load config parameter: Section, Parameter, Value ['HTTP_SERVER', 'ReadTimeout', '6000']
2020/03/10 11:54:29 [INFO] - daemon_config.go:[382] - loadIntFromSection() - Load config parameter: Section, Parameter, Value ['HTTP_SERVER', 'WriteTimeout', '6000']
2020/03/10 11:54:29 [INFO] - daemon_config.go:[382] - loadIntFromSection() - Load config parameter: Section, Parameter, Value ['HTTP_SERVER', 'IdleTimeout', '6000']
2020/03/10 11:54:29 [INFO] - daemon_config.go:[382] - loadIntFromSection() - Load config parameter: Section, Parameter, Value ['HTTP_SERVER', 'MaxHeaderBytes', '262144']
2020/03/10 11:54:29 [INFO] - daemon_config.go:[382] - loadIntFromSection() - Load config parameter: Section, Parameter, Value ['HTTP_SERVER', 'MaxBodyBytes', '1048576']
2020/03/10 11:54:29 [INFO] - daemon_config.go:[423] - loadBoolFromSection() - Load config parameter: Section, Parameter, Value ['HTTP_SERVER', 'UseProfile', 'false']
2020/03/10 11:54:29 [INFO] - daemon_config.go:[382] - loadIntFromSection() - Load config parameter: Section, Parameter, Value ['HTTP_SERVER', 'ShutdownTimeout', '30']
2020/03/10 11:54:29 [INFO] - daemon_config.go:[423] - loadBoolFromSection() - Load config parameter: Section, Parameter, Value ['TLS', 'UseTLS', 'false']
2020/03/10 11:54:29 [INFO] - daemon_config.go:[423] - loadBoolFromSection() - Load config parameter: Section, Parameter, Value ['JWT', 'UseJWT', 'false']
2020/03/10 11:54:29 [INFO] - daemon_config.go:[395] - loadStringFromSection() - Load config parameter: Section, Parameter, Value ['AUTHENTIFICATION', 'AuthType', 'NONE']
2020/03/10 11:54:29 [INFO] - daemon_config.go:[423] - loadBoolFromSection() - Load config parameter: Section, Parameter, Value ['LOG', 'HTTPLog', 'true']
2020/03/10 11:54:29 [INFO] - daemon_config.go:[395] - loadStringFromSection() - Load config parameter: Section, Parameter, Value ['LOG', 'HTTPErrLog', 'HEADER | BODY']
2020/03/10 11:54:29 [INFO] - daemon_config.go:[423] - loadBoolFromSection() - Load config parameter: Section, Parameter, Value ['LOG', 'HTTPLog', 'true']
2020/03/10 11:54:29 [INFO] - daemon_config.go:[395] - loadStringFromSection() - Load config parameter: Section, Parameter, Value ['LOG', 'HTTPLogType', 'INREQ | OUTREQ | INRESP | OUTRESP | BODY']
2020/03/10 11:54:29 [INFO] - daemon_config.go:[395] - loadStringFromSection() - Load config parameter: Section, Parameter, Value ['LOG', 'HTTPLogFileName', './httplog/http%s.log']
2020/03/10 11:54:29 [INFO] - httpserver.go:[61] - New() - Creating new HTTP server
2020/03/10 11:54:29 [INFO] - httpserver.go:[141] - New() - Created new TCP listener: network = 'tcp', address ['127.0.0.1:3000']
2020/03/10 11:54:29 [INFO] - httpserver.go:[155] - New() - Handler is registered: Path, Method ['/refresh', 'POST']
2020/03/10 11:54:29 [INFO] - httpserver.go:[155] - New() - Handler is registered: Path, Method ['/echo', 'POST']
2020/03/10 11:54:29 [INFO] - httpserver.go:[155] - New() - Handler is registered: Path, Method ['/signin', 'POST']
2020/03/10 11:54:29 [INFO] - httpserver.go:[179] - New() - HTTP server is created
2020/03/10 11:54:29 [INFO] - daemon.go:[121] - New() - New daemon is created
2020/03/10 11:54:29 [INFO] - daemon.go:[128] - (*Daemon).Run() - Starting daemon
2020/03/10 11:54:29 [INFO] - daemon.go:[133] - (*Daemon).Run() - Daemon is running. For exit <CTRL-c>
2020/03/10 11:54:29 [INFO] - httpserver.go:[199] - (*Server).Run.func1() - ID=[2], code=[8888], mes='HTTP server recover from panic', causemes=''ID=[1], code=[8888], mes='func (s *Server) Run() error {', caller='httpserver.go:[204] - (*Server).Run()', trace='
github.com/romapres2010/httpserver/error.New
	D:/roman/YandexDisk/golang/src/github.com/romapres2010/httpserver/error/error.go:72
github.com/romapres2010/httpserver/httpserver.(*Server).Run
	D:/roman/YandexDisk/golang/src/github.com/romapres2010/httpserver/httpserver/httpserver.go:204
github.com/romapres2010/httpserver/daemon.(*Daemon).Run.func1
	D:/roman/YandexDisk/golang/src/github.com/romapres2010/httpserver/daemon/daemon.go:131
runtime.goexit
	c:/go/src/runtime/asm_amd64.s:1357'''
2020/03/10 11:54:29 [INFO] - daemon.go:[146] - (*Daemon).Run() - Exiting, got error
2020/03/10 11:54:29 [INFO] - daemon.go:[147] - (*Daemon).Run() - ID=[2], code=[8888], mes='HTTP server recover from panic', causemes=''ID=[1], code=[8888], mes='func (s *Server) Run() error {', caller='httpserver.go:[204] - (*Server).Run()', trace='
github.com/romapres2010/httpserver/error.New
	D:/roman/YandexDisk/golang/src/github.com/romapres2010/httpserver/error/error.go:72
github.com/romapres2010/httpserver/httpserver.(*Server).Run
	D:/roman/YandexDisk/golang/src/github.com/romapres2010/httpserver/httpserver/httpserver.go:204
github.com/romapres2010/httpserver/daemon.(*Daemon).Run.func1
	D:/roman/YandexDisk/golang/src/github.com/romapres2010/httpserver/daemon/daemon.go:131
runtime.goexit
	c:/go/src/runtime/asm_amd64.s:1357'''
2020/03/10 11:54:29 [INFO] - daemon.go:[157] - (*Daemon).Shutdown() - Shutting down daemon
2020/03/10 11:54:29 [INFO] - httpserver.go:[218] - (*Server).Shutdown() - Waiting for shutdown HTTP Server: sec ['30']
2020/03/10 11:54:29 [INFO] - httpserver.go:[234] - (*Server).Shutdown() - HTTP Server shutdown successfuly
2020/03/10 11:54:29 [INFO] - daemon.go:[170] - (*Daemon).Shutdown() - Closing daemon context
2020/03/10 11:54:29 [ERROR] - main.go:[159] - main.func1() - ID=[2], code=[8888], mes='HTTP server recover from panic', causemes=''ID=[1], code=[8888], mes='func (s *Server) Run() error {', caller='httpserver.go:[204] - (*Server).Run()', trace='
github.com/romapres2010/httpserver/error.New
	D:/roman/YandexDisk/golang/src/github.com/romapres2010/httpserver/error/error.go:72
github.com/romapres2010/httpserver/httpserver.(*Server).Run
	D:/roman/YandexDisk/golang/src/github.com/romapres2010/httpserver/httpserver/httpserver.go:204
github.com/romapres2010/httpserver/daemon.(*Daemon).Run.func1
	D:/roman/YandexDisk/golang/src/github.com/romapres2010/httpserver/daemon/daemon.go:131
runtime.goexit
	c:/go/src/runtime/asm_amd64.s:1357''', caller='httpserver.go:[195] - (*Server).Run.func1()', trace='
github.com/romapres2010/httpserver/error.WithCause
	D:/roman/YandexDisk/golang/src/github.com/romapres2010/httpserver/error/error.go:86
github.com/romapres2010/httpserver/httpserver.(*Server).Run.func1
	D:/roman/YandexDisk/golang/src/github.com/romapres2010/httpserver/httpserver/httpserver.go:195
runtime.gopanic
	c:/go/src/runtime/panic.go:679
github.com/romapres2010/httpserver/httpserver.(*Server).Run
	D:/roman/YandexDisk/golang/src/github.com/romapres2010/httpserver/httpserver/httpserver.go:206
github.com/romapres2010/httpserver/daemon.(*Daemon).Run.func1
	D:/roman/YandexDisk/golang/src/github.com/romapres2010/httpserver/daemon/daemon.go:131
runtime.goexit
	c:/go/src/runtime/asm_amd64.s:1357'
