2020/02/22 22:12:30 [INFO] - main.go:[126] - main.func1() - HTTP Server is starting up. Version '0.0.5, commit 'fb4b711', build time '2020-02-22_19:12:22''. Log file '.\log\httpserver_2020_02_22_221230.log'
2020/02/22 22:12:30 [INFO] - main.go:[130] - main.func1() - Set log level, arg[0]='DEBUG'
2020/02/22 22:12:30 [INFO] - daemon.go:[38] - New() - Starting to create new daemon, arg[0]='httpserver.cfg', arg[1]='127.0.0.1:3000'
2020/02/22 22:12:30 [INFO] - daemon_config.go:[28] - loadConfigFile() - Loading HTTP Server config from file 'httpserver.cfg'
2020/02/22 22:12:30 [INFO] - daemon_config.go:[343] - loadIntFromSection() - load config - parameter 'ReadTimeout', val='6000'
2020/02/22 22:12:30 [INFO] - daemon_config.go:[343] - loadIntFromSection() - load config - parameter 'WriteTimeout', val='6000'
2020/02/22 22:12:30 [INFO] - daemon_config.go:[343] - loadIntFromSection() - load config - parameter 'IdleTimeout', val='6000'
2020/02/22 22:12:30 [INFO] - daemon_config.go:[343] - loadIntFromSection() - load config - parameter 'MaxHeaderBytes', val='262144'
2020/02/22 22:12:30 [INFO] - daemon_config.go:[343] - loadIntFromSection() - load config - parameter 'MaxBodyBytes', val='1048576'
2020/02/22 22:12:30 [INFO] - daemon_config.go:[369] - loadBoolFromSection() - load config - parameter 'UseTLS', val='false'
2020/02/22 22:12:30 [INFO] - daemon_config.go:[369] - loadBoolFromSection() - load config - parameter 'UseJWT', val='false'
2020/02/22 22:12:30 [INFO] - daemon_config.go:[356] - loadStringFromSection() - load config - parameter 'AuthType', val='NONE'
2020/02/22 22:12:30 [INFO] - daemon_config.go:[369] - loadBoolFromSection() - load config - parameter 'Enable', val='true'
2020/02/22 22:12:30 [INFO] - daemon_config.go:[356] - loadStringFromSection() - load config - parameter 'Type', val='INREQ | OUTREQ | INRESP | OUTRESP | BODY'
2020/02/22 22:12:30 [INFO] - daemon_config.go:[356] - loadStringFromSection() - load config - parameter 'FileName', val='./httplog/http%s.log'
2020/02/22 22:12:30 [INFO] - http_server.go:[56] - NewServer() - Starting to create new HTTP server
2020/02/22 22:12:30 [INFO] - httplog.go:[39] - NewLogger() - START
2020/02/22 22:12:30 [INFO] - http_server.go:[95] - NewServer() - Create new TCP listener network='tcp', address='127.0.0.1:3000'
2020/02/22 22:12:30 [INFO] - http_server.go:[103] - NewServer() - '/echo' GET handler is registered
2020/02/22 22:12:30 [INFO] - http_server.go:[156] - NewServer() - New HTTP server is created
2020/02/22 22:12:30 [INFO] - daemon.go:[101] - New() - New daemon is created, arg[0]='httpserver.cfg', arg[1]='127.0.0.1:3000'
2020/02/22 22:12:30 [INFO] - daemon.go:[107] - (*Daemon).Run() - Starting
2020/02/22 22:12:30 [INFO] - daemon.go:[115] - (*Daemon).Run() - Daemon is running. For exit <CTRL-c>
2020/02/22 22:12:30 [INFO] - http_server.go:[167] - (*Server).Run() - Starting HTTP server
2020/02/22 22:12:31 [INFO] - daemon.go:[124] - (*Daemon).Run() - Got signal: interrupt, exiting
2020/02/22 22:12:31 [INFO] - http_server.go:[174] - (*Server).Shutdown() - START
2020/02/22 22:12:31 [INFO] - http_server.go:[177] - (*Server).Shutdown() - Waiting for shutdown of HTTP Server 30 sec
2020/02/22 22:12:31 [INFO] - daemon.go:[130] - (*Daemon).Run() - Closing daemon context
2020/02/22 22:12:31 [INFO] - main.go:[155] - main.func1() - HTTP Server is shutdown
