2020/02/16 22:28:17 [INFO] - main.go:[125] - main.func1() - HTTP Server is starting up. Version '0.0.5, commit '2c2ca15', build time '2020-02-16_19:22:30''. Log file '.\log\httpserver_2020_02_16_222817.log'
2020/02/16 22:28:17 [INFO] - main.go:[129] - main.func1() - Set log level, arg[0]='DEBUG'
2020/02/16 22:28:17 [INFO] - daemon.go:[34] - New() - Starting to create new daemon
2020/02/16 22:28:17 [INFO] - daemon_config.go:[30] - loadConfigFile() - Loading HTTP Server config from file 'httpserver.cfg'
2020/02/16 22:28:17 [INFO] - daemon_config.go:[380] - loadBoolFromSection() - load config - parameter 'Enable', val='true'
2020/02/16 22:28:17 [INFO] - daemon_config.go:[366] - loadStringFromSection() - load config - parameter 'Type', val='INREQ | OUTREQ | INRESP | OUTRESP | BODY'
2020/02/16 22:28:17 [INFO] - daemon_config.go:[366] - loadStringFromSection() - load config - parameter 'FileName', val='./httplog/http%s.log'
2020/02/16 22:28:17 [INFO] - daemon_config.go:[352] - loadIntFromSection() - load config - parameter 'ReadTimeout', val='6000'
2020/02/16 22:28:17 [INFO] - daemon_config.go:[352] - loadIntFromSection() - load config - parameter 'WriteTimeout', val='6000'
2020/02/16 22:28:17 [INFO] - daemon_config.go:[352] - loadIntFromSection() - load config - parameter 'IdleTimeout', val='6000'
2020/02/16 22:28:17 [INFO] - daemon_config.go:[352] - loadIntFromSection() - load config - parameter 'MaxHeaderBytes', val='262144'
2020/02/16 22:28:17 [INFO] - daemon_config.go:[352] - loadIntFromSection() - load config - parameter 'MaxBodyBytes', val='1048576'
2020/02/16 22:28:17 [INFO] - daemon_config.go:[380] - loadBoolFromSection() - load config - parameter 'UseTLS', val='false'
2020/02/16 22:28:17 [INFO] - daemon_config.go:[380] - loadBoolFromSection() - load config - parameter 'UseJWT', val='false'
2020/02/16 22:28:17 [INFO] - daemon_config.go:[366] - loadStringFromSection() - load config - parameter 'AuthType', val='NONE'
2020/02/16 22:28:17 [INFO] - http_server.go:[55] - NewServer() - Starting to create new HTTP server
2020/02/16 22:28:17 [INFO] - httplog.go:[39] - NewHTTPLogger() - START
2020/02/16 22:28:17 [INFO] - http_server.go:[108] - NewServer() - Create new TCP listener network='tcp', address='127.0.0.1:3000'
2020/02/16 22:28:17 [INFO] - http_server.go:[166] - NewServer() - New HTTP server is created
2020/02/16 22:28:17 [INFO] - daemon.go:[98] - New() - New daemon is created
2020/02/16 22:28:17 [INFO] - daemon.go:[105] - (*Daemon).Run() - Starting
2020/02/16 22:28:17 [INFO] - daemon.go:[113] - (*Daemon).Run() - Daemon is running. For exit <CTRL-c>
2020/02/16 22:28:17 [INFO] - http_server.go:[177] - (*Server).Run() - Starting HTTP server
2020/02/16 22:29:15 [INFO] - daemon.go:[122] - (*Daemon).Run() - Got signal: interrupt, exiting
2020/02/16 22:29:15 [INFO] - http_server.go:[184] - (*Server).Shutdown() - START
2020/02/16 22:29:15 [INFO] - http_server.go:[187] - (*Server).Shutdown() - Waiting for shutdown of HTTP Server 30 sec
2020/02/16 22:29:15 [INFO] - daemon.go:[128] - (*Daemon).Run() - Closing daemon context
2020/02/16 22:29:15 [INFO] - main.go:[154] - main.func1() - HTTP Server is shutdown
