2020/02/23 08:48:47 [INFO] - main.go:[124] - main.func1() - HTTP Server is starting up. Version '0.0.5, commit '6c4338a', build time '2020-02-23_05:48:37''. Log file '.\log\httpserver_2020_02_23_084847.log'
2020/02/23 08:48:47 [INFO] - main.go:[128] - main.func1() - Set log level, arg[0]='DEBUG'
2020/02/23 08:48:47 [INFO] - daemon.go:[46] - New() - Starting to create new daemon
2020/02/23 08:48:47 [INFO] - daemon_config.go:[28] - loadConfigFile() - Loading HTTP Server config from file 'httpserver.cfg'
2020/02/23 08:48:47 [INFO] - daemon_config.go:[343] - loadIntFromSection() - load config - parameter 'ReadTimeout', val='6000'
2020/02/23 08:48:47 [INFO] - daemon_config.go:[343] - loadIntFromSection() - load config - parameter 'WriteTimeout', val='6000'
2020/02/23 08:48:47 [INFO] - daemon_config.go:[343] - loadIntFromSection() - load config - parameter 'IdleTimeout', val='6000'
2020/02/23 08:48:47 [INFO] - daemon_config.go:[343] - loadIntFromSection() - load config - parameter 'MaxHeaderBytes', val='262144'
2020/02/23 08:48:47 [INFO] - daemon_config.go:[343] - loadIntFromSection() - load config - parameter 'MaxBodyBytes', val='1048576'
2020/02/23 08:48:47 [INFO] - daemon_config.go:[369] - loadBoolFromSection() - load config - parameter 'UseTLS', val='false'
2020/02/23 08:48:47 [INFO] - daemon_config.go:[369] - loadBoolFromSection() - load config - parameter 'UseJWT', val='false'
2020/02/23 08:48:47 [INFO] - daemon_config.go:[356] - loadStringFromSection() - load config - parameter 'AuthType', val='NONE'
2020/02/23 08:48:47 [INFO] - daemon_config.go:[369] - loadBoolFromSection() - load config - parameter 'Enable', val='true'
2020/02/23 08:48:47 [INFO] - daemon_config.go:[356] - loadStringFromSection() - load config - parameter 'Type', val='INREQ | OUTREQ | INRESP | OUTRESP | BODY'
2020/02/23 08:48:47 [INFO] - daemon_config.go:[356] - loadStringFromSection() - load config - parameter 'FileName', val='./httplog/http%s.log'
2020/02/23 08:48:47 [INFO] - http_server.go:[59] - NewServer() - Starting to create new HTTP server
2020/02/23 08:48:47 [INFO] - httplog.go:[39] - NewLogger() - START
2020/02/23 08:48:47 [INFO] - http_server.go:[98] - NewServer() - Create new TCP listener network='tcp', address='127.0.0.1:3000'
2020/02/23 08:48:47 [INFO] - http_server.go:[106] - NewServer() - '/echo' GET handler is registered
2020/02/23 08:48:47 [INFO] - http_server.go:[159] - NewServer() - New HTTP server is created
2020/02/23 08:48:47 [INFO] - daemon.go:[123] - New() - New daemon is created
2020/02/23 08:48:47 [INFO] - daemon.go:[129] - (*Daemon).Run() - Starting
2020/02/23 08:48:47 [INFO] - daemon.go:[139] - (*Daemon).Run() - Daemon is running. For exit <CTRL-c>
2020/02/23 08:48:47 [INFO] - http_server.go:[170] - (*Server).Run() - Starting HTTP server
2020/02/23 08:48:52 [INFO] - daemon.go:[148] - (*Daemon).Run() - Got signal: interrupt, exiting
2020/02/23 08:48:52 [INFO] - http_server.go:[177] - (*Server).Shutdown() - START
2020/02/23 08:48:52 [INFO] - http_server.go:[180] - (*Server).Shutdown() - Waiting for shutdown of HTTP Server 30 sec
2020/02/23 08:48:52 [INFO] - daemon.go:[156] - (*Daemon).Run() - Closing daemon context
2020/02/23 08:48:52 [INFO] - main.go:[162] - main.func1() - HTTP Server is shutdown
