2020/02/24 15:25:09 [INFO] - main.go:[124] - main.func1() - HTTP Server is starting up. Version '0.0.5, commit '7a93bc6', build time '2020-02-24_12:25:03''. Log file '.\log\httpserver_2020_02_24_152509.log'
2020/02/24 15:25:09 [INFO] - main.go:[128] - main.func1() - Set log level, arg[0]='DEBUG'
2020/02/24 15:25:09 [INFO] - daemon.go:[46] - New() - Starting to create new daemon
2020/02/24 15:25:09 [INFO] - daemon_config.go:[28] - loadConfigFile() - Loading HTTP Server config from file 'httpserver.cfg'
2020/02/24 15:25:09 [INFO] - daemon_config.go:[346] - loadIntFromSection() - load config - parameter 'ReadTimeout', val='6000'
2020/02/24 15:25:09 [INFO] - daemon_config.go:[346] - loadIntFromSection() - load config - parameter 'WriteTimeout', val='6000'
2020/02/24 15:25:09 [INFO] - daemon_config.go:[346] - loadIntFromSection() - load config - parameter 'IdleTimeout', val='6000'
2020/02/24 15:25:09 [INFO] - daemon_config.go:[346] - loadIntFromSection() - load config - parameter 'MaxHeaderBytes', val='262144'
2020/02/24 15:25:09 [INFO] - daemon_config.go:[346] - loadIntFromSection() - load config - parameter 'MaxBodyBytes', val='1048576'
2020/02/24 15:25:09 [INFO] - daemon_config.go:[372] - loadBoolFromSection() - load config - parameter 'UseProfile', val='false'
2020/02/24 15:25:09 [INFO] - daemon_config.go:[372] - loadBoolFromSection() - load config - parameter 'UseTLS', val='false'
2020/02/24 15:25:09 [INFO] - daemon_config.go:[372] - loadBoolFromSection() - load config - parameter 'UseJWT', val='false'
2020/02/24 15:25:09 [INFO] - daemon_config.go:[359] - loadStringFromSection() - load config - parameter 'AuthType', val='NONE'
2020/02/24 15:25:09 [INFO] - daemon_config.go:[372] - loadBoolFromSection() - load config - parameter 'Enable', val='false'
2020/02/24 15:25:09 [INFO] - httpserver.go:[58] - New() - Starting to create new HTTP server
2020/02/24 15:25:09 [INFO] - httplog.go:[39] - NewLogger() - START
2020/02/24 15:25:09 [INFO] - httpserver.go:[137] - New() - Created new TCP listener network = 'tcp', address='127.0.0.1:3000'
2020/02/24 15:25:09 [INFO] - httpserver.go:[151] - New() - Handler is registered, arg[0]='/echo', arg[1]='POST'
2020/02/24 15:25:09 [INFO] - httpserver.go:[151] - New() - Handler is registered, arg[0]='/signin', arg[1]='POST'
2020/02/24 15:25:09 [INFO] - httpserver.go:[151] - New() - Handler is registered, arg[0]='/refresh', arg[1]='POST'
2020/02/24 15:25:09 [INFO] - httpserver.go:[175] - New() - New HTTP server is created
2020/02/24 15:25:09 [INFO] - daemon.go:[123] - New() - New daemon is created
2020/02/24 15:25:09 [INFO] - daemon.go:[129] - (*Daemon).Run() - Starting
2020/02/24 15:25:09 [INFO] - daemon.go:[139] - (*Daemon).Run() - Daemon is running. For exit <CTRL-c>
2020/02/24 15:25:09 [INFO] - httpserver.go:[186] - (*Server).Run() - Starting HTTP server
2020/02/24 15:25:42 [DEBUG] - handler_echo.go:[13] - (*Service).EchoHandler() - START   ==================================================================================
2020/02/24 15:25:42 [DEBUG] - httpservice.go:[131] - (*Service).Process() - Logging HTTP request, arg[0]='1'
2020/02/24 15:25:42 [DEBUG] - httpservice.go:[135] - (*Service).Process() - Check allowed HTTP method, arg[0]='1', arg[1]='POST', arg[2]='POST'
2020/02/24 15:25:42 [DEBUG] - httpservice.go:[143] - (*Service).Process() - Check authentication method, arg[0]='1', arg[1]='NONE'
2020/02/24 15:25:42 [DEBUG] - httpservice.go:[162] - (*Service).Process() - Reading request body, arg[0]='1'
2020/02/24 15:25:42 [DEBUG] - httpservice.go:[169] - (*Service).Process() - Read request body, arg[0]='1', arg[1]='471'
2020/02/24 15:25:42 [DEBUG] - httpservice.go:[172] - (*Service).Process() - Calling external function handler, arg[0]='1'
2020/02/24 15:25:42 [DEBUG] - handler_echo.go:[17] - (*Service).EchoHandler.func1() - START, arg[0]='1'
2020/02/24 15:25:42 [DEBUG] - handler_echo.go:[29] - (*Service).EchoHandler.func1() - SUCCESS, arg[0]='1'
2020/02/24 15:25:42 [DEBUG] - httpservice.go:[194] - (*Service).Process() - Logging HTTP response, arg[0]='1'
2020/02/24 15:25:42 [DEBUG] - httpservice.go:[199] - (*Service).Process() - Set HTTP response headers, arg[0]='1'
2020/02/24 15:25:42 [DEBUG] - httpservice.go:[207] - (*Service).Process() - Set HTTP response status, arg[0]='1', arg[1]='OK'
2020/02/24 15:25:42 [DEBUG] - httpservice.go:[212] - (*Service).Process() - Writing HTTP response body, arg[0]='1', arg[1]='471'
2020/02/24 15:25:42 [DEBUG] - httpservice.go:[219] - (*Service).Process() - Written HTTP response, arg[0]='1', arg[1]='471'
2020/02/24 15:25:42 [DEBUG] - handler_echo.go:[33] - (*Service).EchoHandler() - SUCCESS ==================================================================================
