2020/02/16 21:44:02 [INFO] - main.go:[144] - main.func1() - HTTP Server is starting up. Version '0.0.5, commit '2c2ca15', build time '2020-02-16_18:43:43''. Log file '.\log\httpserver_2020_02_16_214402.log'
2020/02/16 21:44:02 [INFO] - main.go:[148] - main.func1() - Set log level, arg[0]='DEBUG'
2020/02/16 21:44:02 [INFO] - daemon.go:[35] - New() - START
2020/02/16 21:44:02 [INFO] - daemon_config.go:[32] - _loadConfigFile() - Loading HTTP Server config from file 'httpserver.cfg'
2020/02/16 21:44:02 [INFO] - daemon_config.go:[398] - _LoadBoolFromSection() - Load config - parameter 'Enable', val='true'
2020/02/16 21:44:02 [INFO] - daemon_config.go:[384] - _LoadStringFromSection() - Load config - parameter 'Type', val='INREQ | OUTREQ | INRESP | OUTRESP | BODY'
2020/02/16 21:44:02 [INFO] - daemon_config.go:[384] - _LoadStringFromSection() - Load config - parameter 'FileName', val='./httplog/http%s.log'
2020/02/16 21:44:02 [INFO] - daemon_config.go:[370] - _LoadIntFromSection() - Load config - parameter 'ReadTimeout', val='6000'
2020/02/16 21:44:02 [INFO] - daemon_config.go:[370] - _LoadIntFromSection() - Load config - parameter 'WriteTimeout', val='6000'
2020/02/16 21:44:02 [INFO] - daemon_config.go:[370] - _LoadIntFromSection() - Load config - parameter 'IdleTimeout', val='6000'
2020/02/16 21:44:02 [INFO] - daemon_config.go:[370] - _LoadIntFromSection() - Load config - parameter 'MaxHeaderBytes', val='262144'
2020/02/16 21:44:02 [INFO] - daemon_config.go:[370] - _LoadIntFromSection() - Load config - parameter 'MaxBodyBytes', val='1048576'
2020/02/16 21:44:02 [INFO] - daemon_config.go:[398] - _LoadBoolFromSection() - Load config - parameter 'UseTLS', val='false'
2020/02/16 21:44:02 [INFO] - daemon_config.go:[398] - _LoadBoolFromSection() - Load config - parameter 'UseJWT', val='false'
2020/02/16 21:44:02 [INFO] - daemon_config.go:[384] - _LoadStringFromSection() - Load config - parameter 'AuthType', val='NONE'
2020/02/16 21:44:02 [INFO] - http_server.go:[55] - NewServer() - START
2020/02/16 21:44:02 [INFO] - httplog.go:[39] - NewHTTPLogger() - START
2020/02/16 21:44:02 [INFO] - http_server.go:[108] - NewServer() - Create new TCP listener network='tcp', address='127.0.0.1:3000'
2020/02/16 21:44:02 [INFO] - daemon.go:[105] - (*Daemon).Run() - Starting
2020/02/16 21:44:02 [INFO] - daemon.go:[114] - (*Daemon).Run() - Daemon is running. For exit <CTRL-c>
2020/02/16 21:44:02 [INFO] - http_server.go:[176] - (*Server).Run() - Starting HTTP server
2020/02/16 21:44:57 [DEBUG] - handler_echo.go:[13] - (*Handler).EchoHandler() - START   ==================================================================================
2020/02/16 21:44:57 [DEBUG] - handler.go:[104] - (*Handler).Process() - Logging HTTP request, arg[0]='1'
2020/02/16 21:44:57 [DEBUG] - handler.go:[108] - (*Handler).Process() - Check allowed HTTP method, arg[0]='1', arg[1]='GET', arg[2]='GET'
2020/02/16 21:44:57 [DEBUG] - handler.go:[116] - (*Handler).Process() - Check authentication method, arg[0]='1', arg[1]='NONE'
2020/02/16 21:44:57 [DEBUG] - handler.go:[135] - (*Handler).Process() - Reading request body, arg[0]='1'
2020/02/16 21:44:57 [DEBUG] - handler.go:[142] - (*Handler).Process() - Read request body, arg[0]='1', arg[1]='471'
2020/02/16 21:44:57 [DEBUG] - handler.go:[145] - (*Handler).Process() - Calling external function handler, arg[0]='1'
2020/02/16 21:44:57 [DEBUG] - handler_echo.go:[17] - (*Handler).EchoHandler.func1() - START, arg[0]='1'
2020/02/16 21:44:57 [DEBUG] - handler_echo.go:[29] - (*Handler).EchoHandler.func1() - SUCCESS, arg[0]='1'
2020/02/16 21:44:57 [DEBUG] - handler.go:[167] - (*Handler).Process() - Logging HTTP response, arg[0]='1'
2020/02/16 21:44:57 [DEBUG] - handler.go:[172] - (*Handler).Process() - Set HTTP response headers, arg[0]='1'
2020/02/16 21:44:57 [DEBUG] - handler.go:[180] - (*Handler).Process() - Set HTTP response status, arg[0]='1', arg[1]='OK'
2020/02/16 21:44:57 [DEBUG] - handler.go:[185] - (*Handler).Process() - Writing HTTP response body, arg[0]='1', arg[1]='471'
2020/02/16 21:44:57 [DEBUG] - handler.go:[192] - (*Handler).Process() - Written HTTP response, arg[0]='1', arg[1]='471'
2020/02/16 21:44:57 [DEBUG] - handler_echo.go:[33] - (*Handler).EchoHandler() - SUCCESS ==================================================================================
2020/02/16 21:45:32 [INFO] - daemon.go:[123] - (*Daemon).Run() - Got signal: interrupt, exiting
2020/02/16 21:45:32 [INFO] - http_server.go:[183] - (*Server).Shutdown() - START
2020/02/16 21:45:32 [INFO] - http_server.go:[186] - (*Server).Shutdown() - Waiting for shutdown of HTTP Server 30 sec
2020/02/16 21:45:32 [INFO] - daemon.go:[129] - (*Daemon).Run() - Closing daemon context
2020/02/16 21:45:32 [INFO] - main.go:[193] - main.func1() - HTTP Server is shutdown
