2020/03/16 09:36:52 [INFO] - main.go:[126] - main.func1() - Server is starting up: Version, Logfile ['0.0.3, commit '0580f90', build time '2020-03-12_12:12:57'', '.\log\httpserver_2020_03_16_093652.log']
2020/03/16 09:36:52 [INFO] - main.go:[130] - main.func1() - Set log level ['DEBUG']
2020/03/16 09:36:52 [INFO] - daemon.go:[44] - New() - Create new daemon
2020/03/16 09:36:52 [INFO] - daemon_config.go:[27] - loadConfigFile() - Loading HTTP Server config from file: FileName ['httpserver.cfg']
2020/03/16 09:36:52 [INFO] - daemon_config.go:[381] - loadIntFromSection() - Load config parameter: Section, Parameter, Value ['HTTP_SERVER', 'ReadTimeout', '6000']
2020/03/16 09:36:52 [INFO] - daemon_config.go:[381] - loadIntFromSection() - Load config parameter: Section, Parameter, Value ['HTTP_SERVER', 'WriteTimeout', '6000']
2020/03/16 09:36:52 [INFO] - daemon_config.go:[381] - loadIntFromSection() - Load config parameter: Section, Parameter, Value ['HTTP_SERVER', 'IdleTimeout', '6000']
2020/03/16 09:36:52 [INFO] - daemon_config.go:[381] - loadIntFromSection() - Load config parameter: Section, Parameter, Value ['HTTP_SERVER', 'MaxHeaderBytes', '262144']
2020/03/16 09:36:52 [INFO] - daemon_config.go:[381] - loadIntFromSection() - Load config parameter: Section, Parameter, Value ['HTTP_SERVER', 'MaxBodyBytes', '1048576']
2020/03/16 09:36:52 [INFO] - daemon_config.go:[422] - loadBoolFromSection() - Load config parameter: Section, Parameter, Value ['HTTP_SERVER', 'UseProfile', 'false']
2020/03/16 09:36:52 [INFO] - daemon_config.go:[381] - loadIntFromSection() - Load config parameter: Section, Parameter, Value ['HTTP_SERVER', 'ShutdownTimeout', '30']
2020/03/16 09:36:52 [INFO] - daemon_config.go:[422] - loadBoolFromSection() - Load config parameter: Section, Parameter, Value ['TLS', 'UseTLS', 'false']
2020/03/16 09:36:52 [INFO] - daemon_config.go:[422] - loadBoolFromSection() - Load config parameter: Section, Parameter, Value ['JWT', 'UseJWT', 'true']
2020/03/16 09:36:52 [INFO] - daemon_config.go:[381] - loadIntFromSection() - Load config parameter: Section, Parameter, Value ['JWT', 'JWTExpiresAt', '20000']
2020/03/16 09:36:52 [INFO] - daemon_config.go:[394] - loadStringFromSection() - Load config parameter: Section, Parameter, Value ['AUTHENTIFICATION', 'AuthType', 'INTERNAL']
2020/03/16 09:36:52 [INFO] - daemon_config.go:[422] - loadBoolFromSection() - Load config parameter: Section, Parameter, Value ['LOG', 'HTTPLog', 'false']
2020/03/16 09:36:52 [INFO] - daemon_config.go:[394] - loadStringFromSection() - Load config parameter: Section, Parameter, Value ['LOG', 'HTTPLogFileName', './httplog/http%s.log']
2020/03/16 09:36:52 [INFO] - daemon_config.go:[394] - loadStringFromSection() - Load config parameter: Section, Parameter, Value ['LOG', 'HTTPErrLog', 'HEADER | BODY']
2020/03/16 09:36:52 [INFO] - daemon_config.go:[422] - loadBoolFromSection() - Load config parameter: Section, Parameter, Value ['LOG', 'HTTPLog', 'false']
2020/03/16 09:36:52 [INFO] - httpserver.go:[61] - New() - Creating new HTTP server
2020/03/16 09:36:52 [INFO] - httpserver.go:[141] - New() - Created new TCP listener: network = 'tcp', address ['127.0.0.1:3000']
2020/03/16 09:36:52 [INFO] - httpserver.go:[155] - New() - Handler is registered: Path, Method ['/httperrlog', 'POST']
2020/03/16 09:36:52 [INFO] - httpserver.go:[155] - New() - Handler is registered: Path, Method ['/loglevel', 'POST']
2020/03/16 09:36:52 [INFO] - httpserver.go:[155] - New() - Handler is registered: Path, Method ['/echo', 'POST']
2020/03/16 09:36:52 [INFO] - httpserver.go:[155] - New() - Handler is registered: Path, Method ['/signin', 'POST']
2020/03/16 09:36:52 [INFO] - httpserver.go:[155] - New() - Handler is registered: Path, Method ['/refresh', 'POST']
2020/03/16 09:36:52 [INFO] - httpserver.go:[155] - New() - Handler is registered: Path, Method ['/httplog', 'POST']
2020/03/16 09:36:52 [INFO] - httpserver.go:[179] - New() - HTTP server is created
2020/03/16 09:36:52 [INFO] - daemon.go:[122] - New() - New daemon is created
2020/03/16 09:36:52 [INFO] - daemon.go:[129] - (*Daemon).Run() - Starting daemon
2020/03/16 09:36:52 [INFO] - daemon.go:[134] - (*Daemon).Run() - Daemon is running. For exit <CTRL-c>
2020/03/16 09:36:52 [INFO] - httpserver.go:[209] - (*Server).Run() - Starting HTTP server
2020/03/16 09:36:56 [INFO] - daemon.go:[143] - (*Daemon).Run() - Exiting, got signal ['interrupt']
2020/03/16 09:36:56 [INFO] - daemon.go:[156] - (*Daemon).Shutdown() - Shutting down daemon
2020/03/16 09:36:56 [INFO] - httpserver.go:[215] - (*Server).Shutdown() - Waiting for shutdown HTTP Server: sec ['30']
2020/03/16 09:36:56 [INFO] - httpserver.go:[231] - (*Server).Shutdown() - HTTP Server shutdown successfuly
2020/03/16 09:36:56 [INFO] - daemon.go:[168] - (*Daemon).Shutdown() - Daemon is shutdown
2020/03/16 09:36:56 [INFO] - main.go:[163] - main.func1() - Server is shutdown
