2020/03/11 13:50:21 [INFO] - main.go:[126] - main.func1() - Server is starting up: Version, Logfile ['0.0.5, commit 'aaf4321', build time '2020-03-11_10:46:05'', '.\log\httpserver_2020_03_11_135021.log']
2020/03/11 13:50:21 [INFO] - main.go:[130] - main.func1() - Set log level ['DEBUG']
2020/03/11 13:50:21 [INFO] - daemon.go:[44] - New() - Create new daemon
2020/03/11 13:50:21 [INFO] - daemon_config.go:[27] - loadConfigFile() - Loading HTTP Server config from file: FileName ['httpserver.cfg']
2020/03/11 13:50:21 [INFO] - daemon_config.go:[381] - loadIntFromSection() - Load config parameter: Section, Parameter, Value ['HTTP_SERVER', 'ReadTimeout', '6000']
2020/03/11 13:50:21 [INFO] - daemon_config.go:[381] - loadIntFromSection() - Load config parameter: Section, Parameter, Value ['HTTP_SERVER', 'WriteTimeout', '6000']
2020/03/11 13:50:21 [INFO] - daemon_config.go:[381] - loadIntFromSection() - Load config parameter: Section, Parameter, Value ['HTTP_SERVER', 'IdleTimeout', '6000']
2020/03/11 13:50:21 [INFO] - daemon_config.go:[381] - loadIntFromSection() - Load config parameter: Section, Parameter, Value ['HTTP_SERVER', 'MaxHeaderBytes', '262144']
2020/03/11 13:50:21 [INFO] - daemon_config.go:[381] - loadIntFromSection() - Load config parameter: Section, Parameter, Value ['HTTP_SERVER', 'MaxBodyBytes', '1048576']
2020/03/11 13:50:21 [INFO] - daemon_config.go:[422] - loadBoolFromSection() - Load config parameter: Section, Parameter, Value ['HTTP_SERVER', 'UseProfile', 'false']
2020/03/11 13:50:21 [INFO] - daemon_config.go:[381] - loadIntFromSection() - Load config parameter: Section, Parameter, Value ['HTTP_SERVER', 'ShutdownTimeout', '30']
2020/03/11 13:50:21 [INFO] - daemon_config.go:[422] - loadBoolFromSection() - Load config parameter: Section, Parameter, Value ['TLS', 'UseTLS', 'false']
2020/03/11 13:50:21 [INFO] - daemon_config.go:[422] - loadBoolFromSection() - Load config parameter: Section, Parameter, Value ['JWT', 'UseJWT', 'false']
2020/03/11 13:50:21 [INFO] - daemon_config.go:[394] - loadStringFromSection() - Load config parameter: Section, Parameter, Value ['AUTHENTIFICATION', 'AuthType', 'INTERNAL']
2020/03/11 13:50:21 [INFO] - daemon_config.go:[226] - loadHTTPHandlerConfig() - ID=[1], code=[6021], mes=[User name for access to HTTP server is null]
2020/03/11 13:50:21 [ERROR] - main.go:[153] - main.func1() - ID=[1], code=[6021], mes=[User name for access to HTTP server is null], caller=[daemon_config.go:[225] - loadHTTPHandlerConfig()], trace='
github.com/romapres2010/httpserver/error.New
	D:/roman/YandexDisk/golang/src/github.com/romapres2010/httpserver/error/error.go:72
github.com/romapres2010/httpserver/daemon.loadHTTPHandlerConfig
	D:/roman/YandexDisk/golang/src/github.com/romapres2010/httpserver/daemon/daemon_config.go:225
github.com/romapres2010/httpserver/daemon.New
	D:/roman/YandexDisk/golang/src/github.com/romapres2010/httpserver/daemon/daemon.go:86
main.main.func1
	D:/roman/YandexDisk/golang/src/github.com/romapres2010/httpserver/cmd/httpserver/main.go:151
github.com/urfave/cli.HandleAction
	D:/roman/YandexDisk/golang/src/github.com/romapres2010/httpserver/vendor/github.com/urfave/cli/app.go:523
github.com/urfave/cli.(*App).Run
	D:/roman/YandexDisk/golang/src/github.com/romapres2010/httpserver/vendor/github.com/urfave/cli/app.go:285
main.main
	D:/roman/YandexDisk/golang/src/github.com/romapres2010/httpserver/cmd/httpserver/main.go:168
runtime.main
	c:/go/src/runtime/proc.go:203
runtime.goexit
	c:/go/src/runtime/asm_amd64.s:1357'
