2020/03/10 11:06:17 [INFO] - main.go:[126] - main.func1() - Server is starting up: Version, Logfile ['0.0.5, commit 'f246cca', build time '2020-03-10_08:06:02'', '.\log\httpserver_2020_03_10_110617.log']
2020/03/10 11:06:17 [INFO] - main.go:[130] - main.func1() - Set log level ['DEBUG']
2020/03/10 11:06:17 [INFO] - daemon.go:[44] - New() - Create new daemon
2020/03/10 11:06:17 [INFO] - daemon_config.go:[27] - loadConfigFile() - Loading HTTP Server config from file: FileName ['httpserver.cfg']
2020/03/10 11:06:17 [INFO] - daemon_config.go:[382] - loadIntFromSection() - Load config parameter: Section, Parameter, Value ['HTTP_SERVER', 'ReadTimeout', '6000']
2020/03/10 11:06:17 [INFO] - daemon_config.go:[382] - loadIntFromSection() - Load config parameter: Section, Parameter, Value ['HTTP_SERVER', 'WriteTimeout', '6000']
2020/03/10 11:06:17 [INFO] - daemon_config.go:[382] - loadIntFromSection() - Load config parameter: Section, Parameter, Value ['HTTP_SERVER', 'IdleTimeout', '6000']
2020/03/10 11:06:17 [INFO] - daemon_config.go:[382] - loadIntFromSection() - Load config parameter: Section, Parameter, Value ['HTTP_SERVER', 'MaxHeaderBytes', '262144']
2020/03/10 11:06:17 [INFO] - daemon_config.go:[382] - loadIntFromSection() - Load config parameter: Section, Parameter, Value ['HTTP_SERVER', 'MaxBodyBytes', '1048576']
2020/03/10 11:06:17 [INFO] - daemon_config.go:[423] - loadBoolFromSection() - Load config parameter: Section, Parameter, Value ['HTTP_SERVER', 'UseProfile', 'false']
2020/03/10 11:06:17 [INFO] - daemon_config.go:[382] - loadIntFromSection() - Load config parameter: Section, Parameter, Value ['HTTP_SERVER', 'ShutdownTimeout', '30']
2020/03/10 11:06:17 [INFO] - daemon_config.go:[423] - loadBoolFromSection() - Load config parameter: Section, Parameter, Value ['TLS', 'UseTLS', 'false']
2020/03/10 11:06:17 [INFO] - daemon_config.go:[423] - loadBoolFromSection() - Load config parameter: Section, Parameter, Value ['JWT', 'UseJWT', 'false']
2020/03/10 11:06:17 [INFO] - daemon_config.go:[395] - loadStringFromSection() - Load config parameter: Section, Parameter, Value ['AUTHENTIFICATION', 'AuthType', 'NONE']
2020/03/10 11:06:17 [INFO] - daemon_config.go:[423] - loadBoolFromSection() - Load config parameter: Section, Parameter, Value ['LOG', 'HTTPLog', 'true']
2020/03/10 11:06:17 [INFO] - daemon_config.go:[395] - loadStringFromSection() - Load config parameter: Section, Parameter, Value ['LOG', 'HTTPErrLog', 'HEADER | BODY']
2020/03/10 11:06:17 [INFO] - daemon_config.go:[423] - loadBoolFromSection() - Load config parameter: Section, Parameter, Value ['LOG', 'HTTPLog', 'true']
2020/03/10 11:06:17 [INFO] - daemon_config.go:[395] - loadStringFromSection() - Load config parameter: Section, Parameter, Value ['LOG', 'HTTPLogType', 'INREQ | OUTREQ | INRESP | OUTRESP | BODY']
2020/03/10 11:06:17 [INFO] - daemon_config.go:[395] - loadStringFromSection() - Load config parameter: Section, Parameter, Value ['LOG', 'HTTPLogFileName', './httplog/http%s.log']
2020/03/10 11:06:17 [INFO] - httpserver.go:[61] - New() - Creating new HTTP server
2020/03/10 11:06:17 [INFO] - httpserver.go:[141] - New() - Created new TCP listener: network = 'tcp', address ['127.0.0.1:3000']
2020/03/10 11:06:17 [INFO] - httpserver.go:[155] - New() - Handler is registered: Path, Method ['/echo', 'POST']
2020/03/10 11:06:17 [INFO] - httpserver.go:[155] - New() - Handler is registered: Path, Method ['/signin', 'POST']
2020/03/10 11:06:17 [INFO] - httpserver.go:[155] - New() - Handler is registered: Path, Method ['/refresh', 'POST']
2020/03/10 11:06:17 [INFO] - httpserver.go:[179] - New() - HTTP server is created
2020/03/10 11:06:17 [INFO] - daemon.go:[117] - New() - New daemon is created
2020/03/10 11:06:17 [INFO] - daemon.go:[124] - (*Daemon).Run() - Starting daemon
2020/03/10 11:06:17 [INFO] - daemon.go:[133] - (*Daemon).Run() - Daemon is running. For exit <CTRL-c>
2020/03/10 11:06:17 [INFO] - httpserver.go:[189] - (*Server).Run() - Starting HTTP server
2020/03/10 11:06:20 [INFO] - daemon.go:[138] - (*Daemon).Run() - Exiting, got signal ['interrupt']
2020/03/10 11:06:20 [INFO] - daemon.go:[153] - (*Daemon).Shutdown() - Shutting down daemon
2020/03/10 11:06:20 [INFO] - httpserver.go:[195] - (*Server).Shutdown() - Waiting for shutdown HTTP Server: sec ['30']
2020/03/10 11:06:20 [INFO] - httpserver.go:[211] - (*Server).Shutdown() - HTTP Server shutdown successfuly
2020/03/10 11:06:20 [INFO] - daemon.go:[166] - (*Daemon).Shutdown() - Closing daemon context
2020/03/10 11:06:20 [INFO] - main.go:[163] - main.func1() - Server is shutdown
