'2020.02.15 22:42:58-479841600' In Request '1' BEGIN ==================================================================== 
GET /echo HTTP/1.1
Host: 127.0.0.1:3000
Accept: */*
Accept-Encoding: gzip, deflate
Authorization: Basic cm9tYW46V2VsY29tZTE=
Cache-Control: no-cache
Connection: keep-alive
Content-Length: 471
Content-Type: text/plain
Content-Type-Response: application/json
Correlidhex: 414d51204949422e4144502e4d4931202189115e128c7424
Datalen: 3118
Errcode: 0
Header-Direction: ANSWER
Header-From-Branch: CFT
Header-From-System: CFT
Header-Interaction: ASYNC
Header-Service: AcceptPaymentDocABS
Header-To-Branch: SBC
Header-To-System: SBC
Msgidhex: 414d51204949422e4144502e4d4931202189115e0eb37524
Postman-Token: 7a4de099-14b7-445a-a2a1-74a5d8648f49
Putdate: 20200207
Puttime: 12591135
Qobject: 0xc00010cd80
Queuename: ESB_TO_SBC
Result-Code: 
Result-Description: 
Result-Status: Success
Secret-Key-Id: SBC_2273
Signer-Id: SBC
User-Agent: PostmanRuntime/7.21.0

<?xml version="1.0" encoding="UTF-8"?>
<ns0:AcceptPaymentDocABSRespMsg xmlns:ns0="http://www.rshb.ru/csm/sbc/accept_payment_doc_abs/201909/resp">
  <ns0:AcceptPaymentDocABSResp>
    <ns0:ResultCode>1</ns0:ResultCode>
    <ns0:ErrorList>
      <ns0:Error>
        <ns0:ErrorCode>099</ns0:ErrorCode>
        <ns0:ErrorDesc>неверное число</ns0:ErrorDesc>
      </ns0:Error>
    </ns0:ErrorList>
  </ns0:AcceptPaymentDocABSResp>
</ns0:AcceptPaymentDocABSRespMsg>
'2020.02.15 22:42:58-493848300' In Request '1' End ==================================================================== 
'2020.02.15 22:42:58-495844800' In Response '1' BEGIN ==================================================================== 
HTTP 200 OK
Postman-Token: 7a4de099-14b7-445a-a2a1-74a5d8648f49
Content-Length: 471
Correlidhex: 414d51204949422e4144502e4d4931202189115e128c7424
Secret-Key-Id: SBC_2273
Result-Description: 
Accept: */*
Errcode: 0
Header-To-System: SBC
Cache-Control: no-cache
Accept-Encoding: gzip, deflate
Header-Direction: ANSWER
Result-Code: 
Qobject: 0xc00010cd80
Queuename: ESB_TO_SBC
Content-Type: application/json
RequestID: 1
Puttime: 12591135
Header-To-Branch: SBC
Header-Interaction: ASYNC
Header-From-Branch: CFT
Header-Service: AcceptPaymentDocABS
Signer-Id: SBC
Result-Status: Success
Connection: keep-alive
Datalen: 3118
Header-From-System: CFT
Authorization: Basic cm9tYW46V2VsY29tZTE=
User-Agent: PostmanRuntime/7.21.0
Putdate: 20200207
Msgidhex: 414d51204949422e4144502e4d4931202189115e0eb37524
Content-Type-Response: application/json

<?xml version="1.0" encoding="UTF-8"?>
<ns0:AcceptPaymentDocABSRespMsg xmlns:ns0="http://www.rshb.ru/csm/sbc/accept_payment_doc_abs/201909/resp">
  <ns0:AcceptPaymentDocABSResp>
    <ns0:ResultCode>1</ns0:ResultCode>
    <ns0:ErrorList>
      <ns0:Error>
        <ns0:ErrorCode>099</ns0:ErrorCode>
        <ns0:ErrorDesc>неверное число</ns0:ErrorDesc>
      </ns0:Error>
    </ns0:ErrorList>
  </ns0:AcceptPaymentDocABSResp>
</ns0:AcceptPaymentDocABSRespMsg>
'2020.02.15 22:42:58-495844800' In Response '1' End ==================================================================== 
