'2020.02.15 22:56:05-825598800' In Request '1' BEGIN ==================================================================== 
GET /echo HTTP/1.1
Host: 127.0.0.1:3000
Accept: */*
Accept-Encoding: gzip, deflate
Authorization: Basic cm9tYW46V2VsY29tZTE=
Cache-Control: no-cache
Connection: keep-alive
Content-Length: 471
Content-Type: text/plain
Content-Type-Response: application/json
Correlidhex: 414d51204949422e4144502e4d4931202189115e128c7424
Datalen: 3118
Errcode: 0
Header-Direction: ANSWER
Header-From-Branch: CFT
Header-From-System: CFT
Header-Interaction: ASYNC
Header-Service: AcceptPaymentDocABS
Header-To-Branch: SBC
Header-To-System: SBC
Msgidhex: 414d51204949422e4144502e4d4931202189115e0eb37524
Postman-Token: ec63df9a-93b7-4b9b-884c-c79101ce4a8b
Putdate: 20200207
Puttime: 12591135
Qobject: 0xc00010cd80
Queuename: ESB_TO_SBC
Result-Code: 
Result-Description: 
Result-Status: Success
Secret-Key-Id: SBC_2273
Signer-Id: SBC
User-Agent: PostmanRuntime/7.21.0

<?xml version="1.0" encoding="UTF-8"?>
<ns0:AcceptPaymentDocABSRespMsg xmlns:ns0="http://www.rshb.ru/csm/sbc/accept_payment_doc_abs/201909/resp">
  <ns0:AcceptPaymentDocABSResp>
    <ns0:ResultCode>1</ns0:ResultCode>
    <ns0:ErrorList>
      <ns0:Error>
        <ns0:ErrorCode>099</ns0:ErrorCode>
        <ns0:ErrorDesc>неверное число</ns0:ErrorDesc>
      </ns0:Error>
    </ns0:ErrorList>
  </ns0:AcceptPaymentDocABSResp>
</ns0:AcceptPaymentDocABSRespMsg>
'2020.02.15 22:56:05-828596400' In Request '1' End ==================================================================== 
'2020.02.15 22:56:05-829597600' In Response '1' BEGIN ==================================================================== 
HTTP 200 OK
Header-From-Branch: CFT
Accept: */*
Result-Description: 
Result-Code: 
Cache-Control: no-cache
Errcode: 0
Puttime: 12591135
Header-Interaction: ASYNC
Content-Type-Response: application/json
Signer-Id: SBC
Msgidhex: 414d51204949422e4144502e4d4931202189115e0eb37524
Content-Type: application/json
Header-Service: AcceptPaymentDocABS
Qobject: 0xc00010cd80
Authorization: Basic cm9tYW46V2VsY29tZTE=
Secret-Key-Id: SBC_2273
Result-Status: Success
RequestID: 1
User-Agent: PostmanRuntime/7.21.0
Header-Direction: ANSWER
Header-To-System: SBC
Header-From-System: CFT
Queuename: ESB_TO_SBC
Correlidhex: 414d51204949422e4144502e4d4931202189115e128c7424
Putdate: 20200207
Postman-Token: ec63df9a-93b7-4b9b-884c-c79101ce4a8b
Content-Length: 471
Connection: keep-alive
Header-To-Branch: SBC
Datalen: 3118
Accept-Encoding: gzip, deflate

<?xml version="1.0" encoding="UTF-8"?>
<ns0:AcceptPaymentDocABSRespMsg xmlns:ns0="http://www.rshb.ru/csm/sbc/accept_payment_doc_abs/201909/resp">
  <ns0:AcceptPaymentDocABSResp>
    <ns0:ResultCode>1</ns0:ResultCode>
    <ns0:ErrorList>
      <ns0:Error>
        <ns0:ErrorCode>099</ns0:ErrorCode>
        <ns0:ErrorDesc>неверное число</ns0:ErrorDesc>
      </ns0:Error>
    </ns0:ErrorList>
  </ns0:AcceptPaymentDocABSResp>
</ns0:AcceptPaymentDocABSRespMsg>
'2020.02.15 22:56:05-829597600' In Response '1' End ==================================================================== 
