'2020.02.16 21:44:57-940155400' In Request '1' BEGIN ==================================================================== 
GET /echo HTTP/1.1
Host: 127.0.0.1:3000
Accept: */*
Accept-Encoding: gzip, deflate, br
Authorization: Basic cm9tYW46V2VsY29tZTE=
Cache-Control: no-cache
Connection: keep-alive
Content-Length: 471
Content-Type: text/plain
Content-Type-Response: application/json
Correlidhex: 414d51204949422e4144502e4d4931202189115e128c7424
Datalen: 3118
Errcode: 0
Header-Direction: ANSWER
Header-From-Branch: CFT
Header-From-System: CFT
Header-Interaction: ASYNC
Header-Service: AcceptPaymentDocABS
Header-To-Branch: SBC
Header-To-System: SBC
Msgidhex: 414d51204949422e4144502e4d4931202189115e0eb37524
Postman-Token: d307246e-bdc3-49a1-ab4f-fe70c69961ec
Putdate: 20200207
Puttime: 12591135
Qobject: 0xc00010cd80
Queuename: ESB_TO_SBC
Result-Code: 
Result-Description: 
Result-Status: Success
Secret-Key-Id: SBC_2273
Signer-Id: SBC
User-Agent: PostmanRuntime/7.22.0

<?xml version="1.0" encoding="UTF-8"?>
<ns0:AcceptPaymentDocABSRespMsg xmlns:ns0="http://www.rshb.ru/csm/sbc/accept_payment_doc_abs/201909/resp">
  <ns0:AcceptPaymentDocABSResp>
    <ns0:ResultCode>1</ns0:ResultCode>
    <ns0:ErrorList>
      <ns0:Error>
        <ns0:ErrorCode>099</ns0:ErrorCode>
        <ns0:ErrorDesc>неверное число</ns0:ErrorDesc>
      </ns0:Error>
    </ns0:ErrorList>
  </ns0:AcceptPaymentDocABSResp>
</ns0:AcceptPaymentDocABSRespMsg>
'2020.02.16 21:44:57-941152900' In Request '1' End ==================================================================== 
'2020.02.16 21:44:57-942157400' In Response '1' BEGIN ==================================================================== 
HTTP 200 OK
Signer-Id: SBC
Content-Type: application/json
Postman-Token: d307246e-bdc3-49a1-ab4f-fe70c69961ec
Header-Interaction: ASYNC
Connection: keep-alive
Errcode: 0
Header-Service: AcceptPaymentDocABS
Datalen: 3118
Secret-Key-Id: SBC_2273
Puttime: 12591135
Correlidhex: 414d51204949422e4144502e4d4931202189115e128c7424
Result-Status: Success
RequestID: 1
Header-From-Branch: CFT
Content-Length: 471
Result-Code: 
Queuename: ESB_TO_SBC
Cache-Control: no-cache
Putdate: 20200207
Qobject: 0xc00010cd80
Header-To-System: SBC
User-Agent: PostmanRuntime/7.22.0
Header-Direction: ANSWER
Authorization: Basic cm9tYW46V2VsY29tZTE=
Msgidhex: 414d51204949422e4144502e4d4931202189115e0eb37524
Accept-Encoding: gzip, deflate, br
Result-Description: 
Accept: */*
Header-To-Branch: SBC
Content-Type-Response: application/json
Header-From-System: CFT

<?xml version="1.0" encoding="UTF-8"?>
<ns0:AcceptPaymentDocABSRespMsg xmlns:ns0="http://www.rshb.ru/csm/sbc/accept_payment_doc_abs/201909/resp">
  <ns0:AcceptPaymentDocABSResp>
    <ns0:ResultCode>1</ns0:ResultCode>
    <ns0:ErrorList>
      <ns0:Error>
        <ns0:ErrorCode>099</ns0:ErrorCode>
        <ns0:ErrorDesc>неверное число</ns0:ErrorDesc>
      </ns0:Error>
    </ns0:ErrorList>
  </ns0:AcceptPaymentDocABSResp>
</ns0:AcceptPaymentDocABSRespMsg>
'2020.02.16 21:44:57-942157400' In Response '1' End ==================================================================== 
