'2020.02.15 22:49:39-42050300' In Request '1' BEGIN ==================================================================== 
GET /echo HTTP/1.1
Host: 127.0.0.1:3000
Accept: */*
Accept-Encoding: gzip, deflate
Authorization: Basic cm9tYW46V2VsY29tZTE=
Cache-Control: no-cache
Connection: keep-alive
Content-Length: 471
Content-Type: text/plain
Content-Type-Response: application/json
Correlidhex: 414d51204949422e4144502e4d4931202189115e128c7424
Datalen: 3118
Errcode: 0
Header-Direction: ANSWER
Header-From-Branch: CFT
Header-From-System: CFT
Header-Interaction: ASYNC
Header-Service: AcceptPaymentDocABS
Header-To-Branch: SBC
Header-To-System: SBC
Msgidhex: 414d51204949422e4144502e4d4931202189115e0eb37524
Postman-Token: e8ed2419-6c2e-4c01-891d-cc8324058f38
Putdate: 20200207
Puttime: 12591135
Qobject: 0xc00010cd80
Queuename: ESB_TO_SBC
Result-Code: 
Result-Description: 
Result-Status: Success
Secret-Key-Id: SBC_2273
Signer-Id: SBC
User-Agent: PostmanRuntime/7.21.0

<?xml version="1.0" encoding="UTF-8"?>
<ns0:AcceptPaymentDocABSRespMsg xmlns:ns0="http://www.rshb.ru/csm/sbc/accept_payment_doc_abs/201909/resp">
  <ns0:AcceptPaymentDocABSResp>
    <ns0:ResultCode>1</ns0:ResultCode>
    <ns0:ErrorList>
      <ns0:Error>
        <ns0:ErrorCode>099</ns0:ErrorCode>
        <ns0:ErrorDesc>неверное число</ns0:ErrorDesc>
      </ns0:Error>
    </ns0:ErrorList>
  </ns0:AcceptPaymentDocABSResp>
</ns0:AcceptPaymentDocABSRespMsg>
'2020.02.15 22:49:39-43055600' In Request '1' End ==================================================================== 
'2020.02.15 22:49:39-44050000' In Response '1' BEGIN ==================================================================== 
HTTP 200 OK
Msgidhex: 414d51204949422e4144502e4d4931202189115e0eb37524
Connection: keep-alive
Result-Description: 
Postman-Token: e8ed2419-6c2e-4c01-891d-cc8324058f38
Putdate: 20200207
Header-To-Branch: SBC
Accept: */*
Header-From-Branch: CFT
Errcode: 0
Content-Type: application/json
Datalen: 3118
Header-From-System: CFT
Cache-Control: no-cache
RequestID: 1
Content-Type-Response: application/json
Queuename: ESB_TO_SBC
Result-Code: 
Secret-Key-Id: SBC_2273
Signer-Id: SBC
Correlidhex: 414d51204949422e4144502e4d4931202189115e128c7424
Header-Interaction: ASYNC
Authorization: Basic cm9tYW46V2VsY29tZTE=
User-Agent: PostmanRuntime/7.21.0
Header-To-System: SBC
Result-Status: Success
Puttime: 12591135
Header-Direction: ANSWER
Accept-Encoding: gzip, deflate
Content-Length: 471
Header-Service: AcceptPaymentDocABS
Qobject: 0xc00010cd80

<?xml version="1.0" encoding="UTF-8"?>
<ns0:AcceptPaymentDocABSRespMsg xmlns:ns0="http://www.rshb.ru/csm/sbc/accept_payment_doc_abs/201909/resp">
  <ns0:AcceptPaymentDocABSResp>
    <ns0:ResultCode>1</ns0:ResultCode>
    <ns0:ErrorList>
      <ns0:Error>
        <ns0:ErrorCode>099</ns0:ErrorCode>
        <ns0:ErrorDesc>неверное число</ns0:ErrorDesc>
      </ns0:Error>
    </ns0:ErrorList>
  </ns0:AcceptPaymentDocABSResp>
</ns0:AcceptPaymentDocABSRespMsg>
'2020.02.15 22:49:39-44050000' In Response '1' End ==================================================================== 
'2020.02.15 22:49:48-527299200' In Request '2' BEGIN ==================================================================== 
GET /echo HTTP/1.1
Host: 127.0.0.1:3000
Accept: */*
Accept-Encoding: gzip, deflate
Authorization: Basic cm9tYW46V2VsY29tZTE=
Cache-Control: no-cache
Connection: keep-alive
Content-Length: 471
Content-Type: text/plain
Content-Type-Response: application/json
Correlidhex: 414d51204949422e4144502e4d4931202189115e128c7424
Datalen: 3118
Errcode: 0
Header-Direction: ANSWER
Header-From-Branch: CFT
Header-From-System: CFT
Header-Interaction: ASYNC
Header-Service: AcceptPaymentDocABS
Header-To-Branch: SBC
Header-To-System: SBC
Msgidhex: 414d51204949422e4144502e4d4931202189115e0eb37524
Postman-Token: ac302c20-e5be-4c93-915a-fc1e7026d63b
Putdate: 20200207
Puttime: 12591135
Qobject: 0xc00010cd80
Queuename: ESB_TO_SBC
Result-Code: 
Result-Description: 
Result-Status: Success
Secret-Key-Id: SBC_2273
Signer-Id: SBC
User-Agent: PostmanRuntime/7.21.0

<?xml version="1.0" encoding="UTF-8"?>
<ns0:AcceptPaymentDocABSRespMsg xmlns:ns0="http://www.rshb.ru/csm/sbc/accept_payment_doc_abs/201909/resp">
  <ns0:AcceptPaymentDocABSResp>
    <ns0:ResultCode>1</ns0:ResultCode>
    <ns0:ErrorList>
      <ns0:Error>
        <ns0:ErrorCode>099</ns0:ErrorCode>
        <ns0:ErrorDesc>неверное число</ns0:ErrorDesc>
      </ns0:Error>
    </ns0:ErrorList>
  </ns0:AcceptPaymentDocABSResp>
</ns0:AcceptPaymentDocABSRespMsg>
'2020.02.15 22:49:48-527299200' In Request '2' End ==================================================================== 
'2020.02.15 22:49:48-535300100' In Response '2' BEGIN ==================================================================== 
HTTP 200 OK
RequestID: 2
Cache-Control: no-cache
Header-Interaction: ASYNC
Accept-Encoding: gzip, deflate
Header-From-Branch: CFT
Content-Type-Response: application/json
Errcode: 0
Header-To-System: SBC
Queuename: ESB_TO_SBC
Header-Direction: ANSWER
Secret-Key-Id: SBC_2273
Accept: */*
Connection: keep-alive
Header-To-Branch: SBC
User-Agent: PostmanRuntime/7.21.0
Result-Description: 
Authorization: Basic cm9tYW46V2VsY29tZTE=
Content-Type: application/json
Putdate: 20200207
Result-Status: Success
Puttime: 12591135
Header-Service: AcceptPaymentDocABS
Postman-Token: ac302c20-e5be-4c93-915a-fc1e7026d63b
Msgidhex: 414d51204949422e4144502e4d4931202189115e0eb37524
Signer-Id: SBC
Result-Code: 
Datalen: 3118
Qobject: 0xc00010cd80
Content-Length: 471
Header-From-System: CFT
Correlidhex: 414d51204949422e4144502e4d4931202189115e128c7424

<?xml version="1.0" encoding="UTF-8"?>
<ns0:AcceptPaymentDocABSRespMsg xmlns:ns0="http://www.rshb.ru/csm/sbc/accept_payment_doc_abs/201909/resp">
  <ns0:AcceptPaymentDocABSResp>
    <ns0:ResultCode>1</ns0:ResultCode>
    <ns0:ErrorList>
      <ns0:Error>
        <ns0:ErrorCode>099</ns0:ErrorCode>
        <ns0:ErrorDesc>неверное число</ns0:ErrorDesc>
      </ns0:Error>
    </ns0:ErrorList>
  </ns0:AcceptPaymentDocABSResp>
</ns0:AcceptPaymentDocABSRespMsg>
'2020.02.15 22:49:48-535300100' In Response '2' End ==================================================================== 
'2020.02.15 22:49:49-538498200' In Request '3' BEGIN ==================================================================== 
GET /echo HTTP/1.1
Host: 127.0.0.1:3000
Accept: */*
Accept-Encoding: gzip, deflate
Authorization: Basic cm9tYW46V2VsY29tZTE=
Cache-Control: no-cache
Connection: keep-alive
Content-Length: 471
Content-Type: text/plain
Content-Type-Response: application/json
Correlidhex: 414d51204949422e4144502e4d4931202189115e128c7424
Datalen: 3118
Errcode: 0
Header-Direction: ANSWER
Header-From-Branch: CFT
Header-From-System: CFT
Header-Interaction: ASYNC
Header-Service: AcceptPaymentDocABS
Header-To-Branch: SBC
Header-To-System: SBC
Msgidhex: 414d51204949422e4144502e4d4931202189115e0eb37524
Postman-Token: b2b0555e-e65a-4ecf-8b3c-def3d4c2e078
Putdate: 20200207
Puttime: 12591135
Qobject: 0xc00010cd80
Queuename: ESB_TO_SBC
Result-Code: 
Result-Description: 
Result-Status: Success
Secret-Key-Id: SBC_2273
Signer-Id: SBC
User-Agent: PostmanRuntime/7.21.0

<?xml version="1.0" encoding="UTF-8"?>
<ns0:AcceptPaymentDocABSRespMsg xmlns:ns0="http://www.rshb.ru/csm/sbc/accept_payment_doc_abs/201909/resp">
  <ns0:AcceptPaymentDocABSResp>
    <ns0:ResultCode>1</ns0:ResultCode>
    <ns0:ErrorList>
      <ns0:Error>
        <ns0:ErrorCode>099</ns0:ErrorCode>
        <ns0:ErrorDesc>неверное число</ns0:ErrorDesc>
      </ns0:Error>
    </ns0:ErrorList>
  </ns0:AcceptPaymentDocABSResp>
</ns0:AcceptPaymentDocABSRespMsg>
'2020.02.15 22:49:49-538498200' In Request '3' End ==================================================================== 
'2020.02.15 22:49:49-541494600' In Response '3' BEGIN ==================================================================== 
HTTP 200 OK
Result-Description: 
Header-From-Branch: CFT
Header-To-System: SBC
Content-Type: application/json
Putdate: 20200207
User-Agent: PostmanRuntime/7.21.0
Header-Interaction: ASYNC
Header-From-System: CFT
Content-Length: 471
Header-Direction: ANSWER
Header-Service: AcceptPaymentDocABS
Postman-Token: b2b0555e-e65a-4ecf-8b3c-def3d4c2e078
Result-Status: Success
Msgidhex: 414d51204949422e4144502e4d4931202189115e0eb37524
Errcode: 0
Datalen: 3118
Accept-Encoding: gzip, deflate
Queuename: ESB_TO_SBC
Accept: */*
Cache-Control: no-cache
Result-Code: 
Secret-Key-Id: SBC_2273
Content-Type-Response: application/json
Correlidhex: 414d51204949422e4144502e4d4931202189115e128c7424
Puttime: 12591135
Connection: keep-alive
RequestID: 3
Header-To-Branch: SBC
Authorization: Basic cm9tYW46V2VsY29tZTE=
Signer-Id: SBC
Qobject: 0xc00010cd80

<?xml version="1.0" encoding="UTF-8"?>
<ns0:AcceptPaymentDocABSRespMsg xmlns:ns0="http://www.rshb.ru/csm/sbc/accept_payment_doc_abs/201909/resp">
  <ns0:AcceptPaymentDocABSResp>
    <ns0:ResultCode>1</ns0:ResultCode>
    <ns0:ErrorList>
      <ns0:Error>
        <ns0:ErrorCode>099</ns0:ErrorCode>
        <ns0:ErrorDesc>неверное число</ns0:ErrorDesc>
      </ns0:Error>
    </ns0:ErrorList>
  </ns0:AcceptPaymentDocABSResp>
</ns0:AcceptPaymentDocABSRespMsg>
'2020.02.15 22:49:49-541494600' In Response '3' End ==================================================================== 
