'2020.03.11 14:00:43-602222400' Out Response '1' BEGIN ==================================================================== 
HTTP 200 OK
Errcode: 0
RequestID: 1


'2020.03.11 14:00:43-602222400' Out Response '1' End ==================================================================== 
'2020.03.11 14:00:57-649062200' In Request '2' BEGIN ==================================================================== 
POST /httplog HTTP/1.1
Host: 127.0.0.1:3000
Accept: */*
Accept-Encoding: gzip, deflate, br
Authorization: Basic cm9tYW4xOldlbGNvbWUx
Cache-Control: no-cache
Connection: keep-alive
Content-Length: 0
Http-Log: true
Http-Log-Type: INREQ | OUTREQ | INRESP | OUTRESP | BODY
Postman-Token: 17928bb0-5409-4337-aac5-65ea92c72c09
User-Agent: PostmanRuntime/7.22.0


'2020.03.11 14:00:57-653051100' In Request '2' End ==================================================================== 
'2020.03.11 14:01:36-262225400' In Request '3' BEGIN ==================================================================== 
POST /httplog HTTP/1.1
Host: 127.0.0.1:3000
Accept: */*
Accept-Encoding: gzip, deflate, br
Authorization: Basic cm9tYW46V2VsY29tZTE=
Cache-Control: no-cache
Connection: keep-alive
Content-Length: 0
Http-Log: true
Http-Log-Type: INREQ | OUTREQ | INRESP | OUTRESP | BODY
Postman-Token: d10af9a7-4c11-4bbc-bc13-64008b53a97a
User-Agent: PostmanRuntime/7.22.0


'2020.03.11 14:01:36-262225400' In Request '3' End ==================================================================== 
'2020.03.11 14:01:36-279178200' Out Response '3' BEGIN ==================================================================== 
HTTP 200 OK
Errcode: 0
RequestID: 3


'2020.03.11 14:01:36-279178200' Out Response '3' End ==================================================================== 
'2020.03.11 14:01:53-273742600' In Request '4' BEGIN ==================================================================== 
POST /httplog HTTP/1.1
Host: 127.0.0.1:3000
Accept: */*
Accept-Encoding: gzip, deflate, br
Authorization: Basic cm9tYW4xOldlbGNvbWUx
Cache-Control: no-cache
Connection: keep-alive
Content-Length: 0
Http-Log: true
Http-Log-Type: INREQ | OUTREQ | INRESP | OUTRESP | BODY
Postman-Token: 84b0f473-6acd-48ce-b9d8-1b28031a44c8
User-Agent: PostmanRuntime/7.22.0


'2020.03.11 14:01:53-273742600' In Request '4' End ==================================================================== 
